The system is: Linux - shell-init: error retrieving current directory: getcwd: cannot access parent directories: No such file or directory
4.17.14-202.fc28.x86_64 - shell-init: error retrieving current directory: getcwd: cannot access parent directories: No such file or directory
x86_64
Determining if the C compiler works passed with the following output:
Change Dir: /home/vv/Code/Gold/build/CMakeFiles/CMakeTmp

Run Build Command:"/usr/bin/gmake" "cmTC_a2112/fast"
/usr/bin/gmake -f CMakeFiles/cmTC_a2112.dir/build.make CMakeFiles/cmTC_a2112.dir/build
gmake[1]: Entering directory '/home/vv/Code/Gold/build/CMakeFiles/CMakeTmp'
Building C object CMakeFiles/cmTC_a2112.dir/testCCompiler.c.o
/bin/gcc    -o CMakeFiles/cmTC_a2112.dir/testCCompiler.c.o   -c /home/vv/Code/Gold/build/CMakeFiles/CMakeTmp/testCCompiler.c
Linking C executable cmTC_a2112
/usr/bin/cmake -E cmake_link_script CMakeFiles/cmTC_a2112.dir/link.txt --verbose=1
/bin/gcc      CMakeFiles/cmTC_a2112.dir/testCCompiler.c.o  -o cmTC_a2112 
gmake[1]: Leaving directory '/home/vv/Code/Gold/build/CMakeFiles/CMakeTmp'


Detecting C compiler ABI info compiled with the following output:
Change Dir: /home/vv/Code/Gold/build/CMakeFiles/CMakeTmp

Run Build Command:"/usr/bin/gmake" "cmTC_a7484/fast"
/usr/bin/gmake -f CMakeFiles/cmTC_a7484.dir/build.make CMakeFiles/cmTC_a7484.dir/build
gmake[1]: Entering directory '/home/vv/Code/Gold/build/CMakeFiles/CMakeTmp'
Building C object CMakeFiles/cmTC_a7484.dir/CMakeCCompilerABI.c.o
/bin/gcc    -o CMakeFiles/cmTC_a7484.dir/CMakeCCompilerABI.c.o   -c /usr/share/cmake/Modules/CMakeCCompilerABI.c
Linking C executable cmTC_a7484
/usr/bin/cmake -E cmake_link_script CMakeFiles/cmTC_a7484.dir/link.txt --verbose=1
/bin/gcc      CMakeFiles/cmTC_a7484.dir/CMakeCCompilerABI.c.o  -o cmTC_a7484 
gmake[1]: Leaving directory '/home/vv/Code/Gold/build/CMakeFiles/CMakeTmp'


Determining if the CXX compiler works passed with the following output:
Change Dir: /home/vv/Code/Gold/build/CMakeFiles/CMakeTmp

Run Build Command:"/usr/bin/gmake" "cmTC_f4d3a/fast"
/usr/bin/gmake -f CMakeFiles/cmTC_f4d3a.dir/build.make CMakeFiles/cmTC_f4d3a.dir/build
gmake[1]: Entering directory '/home/vv/Code/Gold/build/CMakeFiles/CMakeTmp'
Building CXX object CMakeFiles/cmTC_f4d3a.dir/testCXXCompiler.cxx.o
/bin/g++     -o CMakeFiles/cmTC_f4d3a.dir/testCXXCompiler.cxx.o -c /home/vv/Code/Gold/build/CMakeFiles/CMakeTmp/testCXXCompiler.cxx
Linking CXX executable cmTC_f4d3a
/usr/bin/cmake -E cmake_link_script CMakeFiles/cmTC_f4d3a.dir/link.txt --verbose=1
/bin/g++       CMakeFiles/cmTC_f4d3a.dir/testCXXCompiler.cxx.o  -o cmTC_f4d3a 
gmake[1]: Leaving directory '/home/vv/Code/Gold/build/CMakeFiles/CMakeTmp'


Detecting CXX compiler ABI info compiled with the following output:
Change Dir: /home/vv/Code/Gold/build/CMakeFiles/CMakeTmp

Run Build Command:"/usr/bin/gmake" "cmTC_826d6/fast"
/usr/bin/gmake -f CMakeFiles/cmTC_826d6.dir/build.make CMakeFiles/cmTC_826d6.dir/build
gmake[1]: Entering directory '/home/vv/Code/Gold/build/CMakeFiles/CMakeTmp'
Building CXX object CMakeFiles/cmTC_826d6.dir/CMakeCXXCompilerABI.cpp.o
/bin/g++     -o CMakeFiles/cmTC_826d6.dir/CMakeCXXCompilerABI.cpp.o -c /usr/share/cmake/Modules/CMakeCXXCompilerABI.cpp
Linking CXX executable cmTC_826d6
/usr/bin/cmake -E cmake_link_script CMakeFiles/cmTC_826d6.dir/link.txt --verbose=1
/bin/g++       CMakeFiles/cmTC_826d6.dir/CMakeCXXCompilerABI.cpp.o  -o cmTC_826d6 
gmake[1]: Leaving directory '/home/vv/Code/Gold/build/CMakeFiles/CMakeTmp'


